\BOOKMARK [0][-]{chapter.1}{\376\377\0001\000\040\000F\000i\000l\000e\000\040\000I\000n\000d\000e\000x}{}% 1
\BOOKMARK [1][-]{section.1.1}{\376\377\0001\000.\0001\000\040\000F\000i\000l\000e\000\040\000L\000i\000s\000t}{chapter.1}% 2
\BOOKMARK [0][-]{chapter.2}{\376\377\0002\000\040\000F\000i\000l\000e\000\040\000D\000o\000c\000u\000m\000e\000n\000t\000a\000t\000i\000o\000n}{}% 3
\BOOKMARK [1][-]{section.2.1}{\376\377\0002\000.\0001\000\040\000c\000o\000n\000t\000a\000d\000o\000r\000.\000c\000p\000p\000\040\000F\000i\000l\000e\000\040\000R\000e\000f\000e\000r\000e\000n\000c\000e}{chapter.2}% 4
\BOOKMARK [2][-]{subsection.2.1.1}{\376\377\0002\000.\0001\000.\0001\000\040\000D\000e\000t\000a\000i\000l\000e\000d\000\040\000D\000e\000s\000c\000r\000i\000p\000t\000i\000o\000n}{section.2.1}% 5
\BOOKMARK [2][-]{subsection.2.1.2}{\376\377\0002\000.\0001\000.\0002\000\040\000F\000u\000n\000c\000t\000i\000o\000n\000\040\000D\000o\000c\000u\000m\000e\000n\000t\000a\000t\000i\000o\000n}{section.2.1}% 6
\BOOKMARK [3][-]{subsubsection.2.1.2.1}{\376\377\0002\000.\0001\000.\0002\000.\0001\000\040\000a\000b\000r\000i\000r\000\137\000a\000r\000q\000u\000i\000v\000o\000\050\000\051}{subsection.2.1.2}% 7
\BOOKMARK [3][-]{subsubsection.2.1.2.2}{\376\377\0002\000.\0001\000.\0002\000.\0002\000\040\000c\000o\000n\000t\000a\000\137\000c\000o\000m\000m\000e\000n\000t\000s\000\050\000\051}{subsection.2.1.2}% 8
\BOOKMARK [3][-]{subsubsection.2.1.2.3}{\376\377\0002\000.\0001\000.\0002\000.\0003\000\040\000c\000o\000n\000t\000a\000\137\000f\000i\000n\000a\000l\000\050\000\051}{subsection.2.1.2}% 9
\BOOKMARK [3][-]{subsubsection.2.1.2.4}{\376\377\0002\000.\0001\000.\0002\000.\0004\000\040\000c\000o\000n\000t\000a\000\137\000l\000i\000n\000h\000a\000s\000\137\000b\000r\000a\000n\000c\000o\000\050\000\051}{subsection.2.1.2}% 10
\BOOKMARK [3][-]{subsubsection.2.1.2.5}{\376\377\0002\000.\0001\000.\0002\000.\0005\000\040\000c\000o\000n\000t\000a\000\137\000t\000o\000t\000a\000l\000\137\000l\000i\000n\000h\000a\000s\000\050\000\051}{subsection.2.1.2}% 11
\BOOKMARK [3][-]{subsubsection.2.1.2.6}{\376\377\0002\000.\0001\000.\0002\000.\0006\000\040\000e\000h\000\137\000v\000a\000z\000i\000o\000\050\000\051}{subsection.2.1.2}% 12
\BOOKMARK [3][-]{subsubsection.2.1.2.7}{\376\377\0002\000.\0001\000.\0002\000.\0007\000\040\000n\000a\000o\000\137\000e\000h\000\137\000v\000a\000z\000i\000o\000\137\000i\000n\000d\000i\000c\000e\000\050\000\051}{subsection.2.1.2}% 13
\BOOKMARK [1][-]{section.2.2}{\376\377\0002\000.\0002\000\040\000c\000o\000n\000t\000a\000d\000o\000r\000.\000h\000p\000p\000\040\000F\000i\000l\000e\000\040\000R\000e\000f\000e\000r\000e\000n\000c\000e}{chapter.2}% 14
\BOOKMARK [2][-]{subsection.2.2.1}{\376\377\0002\000.\0002\000.\0001\000\040\000D\000e\000t\000a\000i\000l\000e\000d\000\040\000D\000e\000s\000c\000r\000i\000p\000t\000i\000o\000n}{section.2.2}% 15
\BOOKMARK [2][-]{subsection.2.2.2}{\376\377\0002\000.\0002\000.\0002\000\040\000F\000u\000n\000c\000t\000i\000o\000n\000\040\000D\000o\000c\000u\000m\000e\000n\000t\000a\000t\000i\000o\000n}{section.2.2}% 16
\BOOKMARK [3][-]{subsubsection.2.2.2.1}{\376\377\0002\000.\0002\000.\0002\000.\0001\000\040\000a\000b\000r\000i\000r\000\137\000a\000r\000q\000u\000i\000v\000o\000\050\000\051}{subsection.2.2.2}% 17
\BOOKMARK [3][-]{subsubsection.2.2.2.2}{\376\377\0002\000.\0002\000.\0002\000.\0002\000\040\000c\000o\000n\000t\000a\000\137\000c\000o\000m\000m\000e\000n\000t\000s\000\050\000\051}{subsection.2.2.2}% 18
\BOOKMARK [3][-]{subsubsection.2.2.2.3}{\376\377\0002\000.\0002\000.\0002\000.\0003\000\040\000c\000o\000n\000t\000a\000\137\000f\000i\000n\000a\000l\000\050\000\051}{subsection.2.2.2}% 19
\BOOKMARK [3][-]{subsubsection.2.2.2.4}{\376\377\0002\000.\0002\000.\0002\000.\0004\000\040\000c\000o\000n\000t\000a\000\137\000l\000i\000n\000h\000a\000s\000\137\000b\000r\000a\000n\000c\000o\000\050\000\051}{subsection.2.2.2}% 20
\BOOKMARK [3][-]{subsubsection.2.2.2.5}{\376\377\0002\000.\0002\000.\0002\000.\0005\000\040\000c\000o\000n\000t\000a\000\137\000t\000o\000t\000a\000l\000\137\000l\000i\000n\000h\000a\000s\000\050\000\051}{subsection.2.2.2}% 21
\BOOKMARK [3][-]{subsubsection.2.2.2.6}{\376\377\0002\000.\0002\000.\0002\000.\0006\000\040\000e\000h\000\137\000v\000a\000z\000i\000o\000\050\000\051}{subsection.2.2.2}% 22
\BOOKMARK [3][-]{subsubsection.2.2.2.7}{\376\377\0002\000.\0002\000.\0002\000.\0007\000\040\000n\000a\000o\000\137\000e\000h\000\137\000v\000a\000z\000i\000o\000\137\000i\000n\000d\000i\000c\000e\000\050\000\051}{subsection.2.2.2}% 23
\BOOKMARK [0][-]{section*.4}{\376\377\000I\000n\000d\000e\000x}{}% 24
